<?xml version="1.0" encoding="UTF-8"?>
<testsuite name="SlLab2Test" tests="2" skipped="0" failures="0" errors="0" timestamp="2021-05-20T08:51:11" hostname="DESKTOP-O2O2GG6" time="0.025">
  <properties/>
  <testcase name="functionMultipleCondition()" classname="SlLab2Test" time="0.022"/>
  <testcase name="functionEveryPath()" classname="SlLab2Test" time="0.002"/>
  <system-out><![CDATA[]]></system-out>
  <system-err><![CDATA[]]></system-err>
</testsuite>
